<?xml version="1.0" encoding="UTF-8"?>
<!-- Generated by org.testng.reporters.JUnitReportReporter -->
<testsuite hostname="FEUJI-V005D" failures="0" tests="3" name="practicetestng.sample.OrangeHrmTesting" time="71.468" errors="0" timestamp="2024-01-24T14:55:15 IST" skipped="0">
  <testcase classname="practicetestng.sample.OrangeHrmTesting" name="sideBarTesting" time="17.522"/>
  <system-out/>
  <testcase classname="practicetestng.sample.OrangeHrmTesting" name="adminPage" time="28.275"/>
  <system-out/>
  <testcase classname="practicetestng.sample.OrangeHrmTesting" name="pimPage" time="25.671"/>
  <system-out/>
</testsuite> <!-- practicetestng.sample.OrangeHrmTesting -->
